Using Spark's default log4j profile: org/apache/spark/log4j-defaults.properties
18/10/22 10:01:07 WARN Utils: Your hostname, Owen-MBP resolves to a loopback address: 127.0.0.1; using 192.168.0.17 instead (on interface en0)
18/10/22 10:01:07 WARN Utils: Set SPARK_LOCAL_IP if you need to bind to another address
18/10/22 10:01:08 INFO SparkContext: Running Spark version 2.2.0
18/10/22 10:01:08 WARN NativeCodeLoader: Unable to load native-hadoop library for your platform... using builtin-java classes where applicable
18/10/22 10:01:08 INFO SparkContext: Submitted application: example1
18/10/22 10:01:08 INFO SecurityManager: Changing view acls to: owen
18/10/22 10:01:08 INFO SecurityManager: Changing modify acls to: owen
18/10/22 10:01:08 INFO SecurityManager: Changing view acls groups to:
18/10/22 10:01:08 INFO SecurityManager: Changing modify acls groups to:
18/10/22 10:01:08 INFO SecurityManager: SecurityManager: authentication disabled; ui acls disabled; users  with view permissions: Set(owen); groups with view permissions: Set(); users  with modify permissions: Set(owen); groups with modify permissions: Set()
18/10/22 10:01:08 INFO Utils: Successfully started service 'sparkDriver' on port 57803.
18/10/22 10:01:08 INFO SparkEnv: Registering MapOutputTracker
18/10/22 10:01:08 INFO SparkEnv: Registering BlockManagerMaster
18/10/22 10:01:08 INFO BlockManagerMasterEndpoint: Using org.apache.spark.storage.DefaultTopologyMapper for getting topology information
18/10/22 10:01:08 INFO BlockManagerMasterEndpoint: BlockManagerMasterEndpoint up
18/10/22 10:01:08 INFO DiskBlockManager: Created local directory at /private/var/folders/9l/h6ytf4dx1fq_67_70d92fdsm0000gn/T/blockmgr-db55052a-95b3-433e-9a18-41f1ec590d9d
18/10/22 10:01:08 INFO MemoryStore: MemoryStore started with capacity 366.3 MB
18/10/22 10:01:09 INFO SparkEnv: Registering OutputCommitCoordinator
18/10/22 10:01:09 INFO Utils: Successfully started service 'SparkUI' on port 4040.
18/10/22 10:01:09 INFO SparkUI: Bound SparkUI to 0.0.0.0, and started at http://192.168.0.17:4040
18/10/22 10:01:09 INFO SparkContext: Added file file:/Users/owen/git/mt-940/bitofboth/spark.py at file:/Users/owen/git/mt-940/bitofboth/spark.py with timestamp 1540198869565
18/10/22 10:01:09 INFO Utils: Copying /Users/owen/git/mt-940/bitofboth/spark.py to /private/var/folders/9l/h6ytf4dx1fq_67_70d92fdsm0000gn/T/spark-84240762-56aa-4b33-b638-f06c33a9d19c/userFiles-abcb28c8-bd68-43de-9e2e-780ba90ff22c/spark.py
18/10/22 10:01:09 INFO Executor: Starting executor ID driver on host localhost
18/10/22 10:01:09 INFO Utils: Successfully started service 'org.apache.spark.network.netty.NettyBlockTransferService' on port 57804.
18/10/22 10:01:09 INFO NettyBlockTransferService: Server created on 192.168.0.17:57804
18/10/22 10:01:09 INFO BlockManager: Using org.apache.spark.storage.RandomBlockReplicationPolicy for block replication policy
18/10/22 10:01:09 INFO BlockManagerMaster: Registering BlockManager BlockManagerId(driver, 192.168.0.17, 57804, None)
18/10/22 10:01:09 INFO BlockManagerMasterEndpoint: Registering block manager 192.168.0.17:57804 with 366.3 MB RAM, BlockManagerId(driver, 192.168.0.17, 57804, None)
18/10/22 10:01:09 INFO BlockManagerMaster: Registered BlockManager BlockManagerId(driver, 192.168.0.17, 57804, None)
18/10/22 10:01:09 INFO BlockManager: Initialized BlockManager: BlockManagerId(driver, 192.168.0.17, 57804, None)
18/10/22 10:01:10 INFO MemoryStore: Block broadcast_0 stored as values in memory (estimated size 236.5 KB, free 366.1 MB)
18/10/22 10:01:10 INFO MemoryStore: Block broadcast_0_piece0 stored as bytes in memory (estimated size 22.9 KB, free 366.0 MB)
18/10/22 10:01:10 INFO BlockManagerInfo: Added broadcast_0_piece0 in memory on 192.168.0.17:57804 (size: 22.9 KB, free: 366.3 MB)
18/10/22 10:01:10 INFO SparkContext: Created broadcast 0 from textFile at NativeMethodAccessorImpl.java:0
18/10/22 10:01:10 INFO FileInputFormat: Total input paths to process : 1
18/10/22 10:01:10 INFO SparkContext: Starting job: foreach at /Users/owen/git/mt-940/bitofboth/spark.py:29
18/10/22 10:01:10 INFO DAGScheduler: Got job 0 (foreach at /Users/owen/git/mt-940/bitofboth/spark.py:29) with 2 output partitions
18/10/22 10:01:10 INFO DAGScheduler: Final stage: ResultStage 0 (foreach at /Users/owen/git/mt-940/bitofboth/spark.py:29)
18/10/22 10:01:10 INFO DAGScheduler: Parents of final stage: List()
18/10/22 10:01:10 INFO DAGScheduler: Missing parents: List()
18/10/22 10:01:10 INFO DAGScheduler: Submitting ResultStage 0 (PythonRDD[2] at foreach at /Users/owen/git/mt-940/bitofboth/spark.py:29), which has no missing parents
18/10/22 10:01:10 INFO MemoryStore: Block broadcast_1 stored as values in memory (estimated size 7.4 KB, free 366.0 MB)
18/10/22 10:01:10 INFO MemoryStore: Block broadcast_1_piece0 stored as bytes in memory (estimated size 4.9 KB, free 366.0 MB)
18/10/22 10:01:10 INFO BlockManagerInfo: Added broadcast_1_piece0 in memory on 192.168.0.17:57804 (size: 4.9 KB, free: 366.3 MB)
18/10/22 10:01:10 INFO SparkContext: Created broadcast 1 from broadcast at DAGScheduler.scala:1006
18/10/22 10:01:10 INFO DAGScheduler: Submitting 2 missing tasks from ResultStage 0 (PythonRDD[2] at foreach at /Users/owen/git/mt-940/bitofboth/spark.py:29) (first 15 tasks are for partitions Vector(0, 1))
18/10/22 10:01:10 INFO TaskSchedulerImpl: Adding task set 0.0 with 2 tasks
18/10/22 10:01:10 INFO TaskSetManager: Starting task 0.0 in stage 0.0 (TID 0, localhost, executor driver, partition 0, PROCESS_LOCAL, 4865 bytes)
18/10/22 10:01:10 INFO TaskSetManager: Starting task 1.0 in stage 0.0 (TID 1, localhost, executor driver, partition 1, PROCESS_LOCAL, 4865 bytes)
18/10/22 10:01:10 INFO Executor: Running task 1.0 in stage 0.0 (TID 1)
18/10/22 10:01:10 INFO Executor: Running task 0.0 in stage 0.0 (TID 0)
18/10/22 10:01:10 INFO Executor: Fetching file:/Users/owen/git/mt-940/bitofboth/spark.py with timestamp 1540198869565
18/10/22 10:01:10 INFO Utils: /Users/owen/git/mt-940/bitofboth/spark.py has been previously copied to /private/var/folders/9l/h6ytf4dx1fq_67_70d92fdsm0000gn/T/spark-84240762-56aa-4b33-b638-f06c33a9d19c/userFiles-abcb28c8-bd68-43de-9e2e-780ba90ff22c/spark.py
18/10/22 10:01:10 INFO HadoopRDD: Input split: file:/Users/owen/git/mt-940/bitofboth/data.txt:0+34
18/10/22 10:01:10 INFO HadoopRDD: Input split: file:/Users/owen/git/mt-940/bitofboth/data.txt:34+34
{"firstname": "simon", "surname": "taylor", "occupation": "architect"}
{"firstname": "andy", "surname": "sullivan", "occupation": "architect"}
{"firstname": "owen", "surname": "rumney", "occupation": "developer"}
18/10/22 10:01:11 INFO PythonRunner: Times: total = 354, boot = 339, init = 14, finish = 1
18/10/22 10:01:11 INFO PythonRunner: Times: total = 353, boot = 343, init = 9, finish = 1
18/10/22 10:01:11 INFO Executor: Finished task 1.0 in stage 0.0 (TID 1). 1439 bytes result sent to driver
18/10/22 10:01:11 INFO Executor: Finished task 0.0 in stage 0.0 (TID 0). 1439 bytes result sent to driver
18/10/22 10:01:11 INFO TaskSetManager: Finished task 0.0 in stage 0.0 (TID 0) in 550 ms on localhost (executor driver) (1/2)
18/10/22 10:01:11 INFO TaskSetManager: Finished task 1.0 in stage 0.0 (TID 1) in 531 ms on localhost (executor driver) (2/2)
18/10/22 10:01:11 INFO TaskSchedulerImpl: Removed TaskSet 0.0, whose tasks have all completed, from pool
18/10/22 10:01:11 INFO DAGScheduler: ResultStage 0 (foreach at /Users/owen/git/mt-940/bitofboth/spark.py:29) finished in 0.581 s
18/10/22 10:01:11 INFO DAGScheduler: Job 0 finished: foreach at /Users/owen/git/mt-940/bitofboth/spark.py:29, took 0.683428 s
18/10/22 10:01:11 INFO SparkContext: Invoking stop() from shutdown hook
18/10/22 10:01:11 INFO SparkUI: Stopped Spark web UI at http://192.168.0.17:4040
18/10/22 10:01:11 INFO MapOutputTrackerMasterEndpoint: MapOutputTrackerMasterEndpoint stopped!
18/10/22 10:01:11 INFO MemoryStore: MemoryStore cleared
18/10/22 10:01:11 INFO BlockManager: BlockManager stopped
18/10/22 10:01:11 INFO BlockManagerMaster: BlockManagerMaster stopped
18/10/22 10:01:11 INFO OutputCommitCoordinator$OutputCommitCoordinatorEndpoint: OutputCommitCoordinator stopped!
18/10/22 10:01:11 INFO SparkContext: Successfully stopped SparkContext
18/10/22 10:01:11 INFO ShutdownHookManager: Shutdown hook called
18/10/22 10:01:11 INFO ShutdownHookManager: Deleting directory /private/var/folders/9l/h6ytf4dx1fq_67_70d92fdsm0000gn/T/spark-84240762-56aa-4b33-b638-f06c33a9d19c/pyspark-38c7eda2-8fef-4f90-81a5-5dbafebb2d19
18/10/22 10:01:11 INFO ShutdownHookManager: Deleting directory /private/var/folders/9l/h6ytf4dx1fq_67_70d92fdsm0000gn/T/spark-84240762-56aa-4b33-b638-f06c33a9d19c